2013-10-10 20:16:45,075 - xrss - WARNING - staled feed http://www.aqee.net/feed/
2013-10-10 20:17:04,814 - xrss - INFO - get 16 feeds from config file
2013-10-10 20:17:04,814 - xrss - INFO - valid entry Redis 2.8 RC5 (2.7.105) 发布
2013-10-10 20:17:04,814 - xrss - INFO - valid entry wxWidgets 3.0.0-RC1 发布
2013-10-10 20:17:04,814 - xrss - INFO - valid entry RT-Thread 1.2.0 RC 版本发布
2013-10-10 20:17:04,814 - xrss - INFO - valid entry SEnginx 开发版本 1.5.5 发布，新增IP黑名单功能
2013-10-10 20:17:04,814 - xrss - INFO - valid entry 电子商务系统Mallmold CN(中国版) 1.0 RC 发布
2013-10-10 20:17:04,814 - xrss - INFO - valid entry NetBeans 7.4 正式版已经批准发布
2013-10-10 20:17:04,814 - xrss - INFO - valid entry Raw, 5分钟搞定一切的开源数据可视化工具
2013-10-10 20:17:04,814 - xrss - INFO - valid entry #翻译# 使用 XHGui 对 PHP 应用进行性能诊断
2013-10-10 20:17:04,815 - xrss - INFO - valid entry 【每日一博】微信开发总结分享
2013-10-10 20:17:04,815 - xrss - INFO - valid entry 微软允许在CodePlex的开源项目使用GPLv3许可证
2013-10-10 20:17:04,815 - xrss - INFO - valid entry 3D 打印进行大规模生产制造？还早得很
2013-10-10 20:17:04,815 - xrss - INFO - valid entry Google 开源主管解释为什么开源“残酷”
2013-10-10 20:17:04,815 - xrss - INFO - valid entry 不到0.001%的应用会真正威胁到Android用户
2013-10-10 20:17:04,815 - xrss - INFO - valid entry GNU Make 4.0 发布，集成 Guile 表达式语言
2013-10-10 20:17:04,815 - xrss - INFO - valid entry 2013年9月国内浏览器市场占有率排行榜
2013-10-10 20:17:04,815 - xrss - INFO - valid entry 微软揭晓 Visual Studio 2013 售价和推出计划
2013-10-10 20:17:04,815 - xrss - INFO - valid entry 亲爱的项目经理，我恨你
2013-10-10 20:17:04,815 - xrss - INFO - valid entry Firefox OS Update (1.1) 提升性能，支持更多语言
2013-10-10 20:17:04,815 - xrss - INFO - valid entry pgtcl-ng 2.1.0 发布，全新的 PG 的 Tcl 接口
2013-10-10 20:17:04,815 - xrss - INFO - valid entry pgintcl 3.5.0 发布，PostgreSQL 的 Tcl 接口
2013-10-10 20:17:04,816 - xrss - INFO - valid entry Dipforge 3.0 b7 发布，基于Web的集成开发环境
2013-10-10 20:17:04,816 - xrss - INFO - valid entry Rikulo Stream 0.8.4，Dart 开发的 Web 服务器
2013-10-10 20:17:04,816 - xrss - INFO - valid entry Fork CMS 3.6.5 发布，PHP 的 CMS 系统
2013-10-10 20:17:04,816 - xrss - INFO - valid entry ZABBIX 2.1.7 发布，分布式系统监控
2013-10-10 20:17:04,816 - xrss - INFO - valid entry Hibernate ORM 4.3.0.Beta5 发布
2013-10-10 20:17:04,816 - xrss - INFO - valid entry Hibernate Search 4.4.0.CR1 发布
2013-10-10 20:17:04,816 - xrss - INFO - get 26 entries from 开源中国社区最新新闻
2013-10-10 20:17:04,816 - xrss - INFO - valid entry Apple Again Trails U.S. PC Market in Key Back-to-School Quarter as Tablets Continue to Eat Into PC Sales
2013-10-10 20:17:04,816 - xrss - INFO - get 1 entries from MacRumors: Mac News and Rumors - Front Page
2013-10-10 20:17:04,822 - xrss - INFO - valid entry Acer’s Haswell Chromebook Available to Pre-Order for $250
2013-10-10 20:17:04,822 - xrss - INFO - get 1 entries from OMG! Chrome!
2013-10-10 20:17:04,826 - xrss - INFO - get 0 entries from OMG! Ubuntu!
2013-10-10 20:17:04,826 - xrss - INFO - valid entry VM7(原VPSZZ) 2013年10月优惠码 月付6折 46.8元/月起
2013-10-10 20:17:04,826 - xrss - INFO - get 1 entries from VPS侦探
2013-10-10 20:17:04,829 - xrss - INFO - get 0 entries
2013-10-10 20:17:04,830 - xrss - INFO - get 0 entries from 乡村运维
2013-10-10 20:17:04,830 - xrss - INFO - get 0 entries from 酷壳 - CoolShell.cn
2013-10-10 20:17:04,830 - xrss - INFO - get 0 entries from DBA Notes
2013-10-10 20:17:04,830 - xrss - INFO - get 0 entries from 火丁笔记
2013-10-10 20:17:04,830 - xrss - INFO - valid entry 理解和配置 Linux 下的 OOM Killer
2013-10-10 20:17:04,830 - xrss - INFO - get 1 entries from vpsee.com
2013-10-10 20:17:04,833 - xrss - INFO - valid entry Openstack Havana Dashboard测试和使用
2013-10-10 20:17:04,833 - xrss - INFO - get 1 entries from 陈沙克日志
2013-10-10 20:17:04,837 - xrss - INFO - get 0 entries from NoOps
2013-10-10 20:17:04,837 - xrss - INFO - get 0 entries from python.cn(jobs, news)
2013-10-10 20:17:04,837 - xrss - INFO - get 0 entries from python.cn.jobs
2013-10-10 20:17:04,837 - xrss - INFO - get 0 entries from Python For Beginners
2013-10-10 20:17:04,838 - xrss - INFO - get 6 entries from 17 feeds
2013-10-10 20:17:04,838 - xrss - INFO - generate html source successfully
2013-10-10 20:17:24,650 - xrss - WARNING - staled feed http://www.aqee.net/feed/
2013-10-10 20:17:36,970 - xrss - INFO - get 16 feeds from config file
2013-10-10 20:17:36,970 - xrss - INFO - valid entry Redis 2.8 RC5 (2.7.105) 发布
2013-10-10 20:17:36,970 - xrss - INFO - valid entry wxWidgets 3.0.0-RC1 发布
2013-10-10 20:17:36,970 - xrss - INFO - valid entry RT-Thread 1.2.0 RC 版本发布
2013-10-10 20:17:36,970 - xrss - INFO - valid entry SEnginx 开发版本 1.5.5 发布，新增IP黑名单功能
2013-10-10 20:17:36,970 - xrss - INFO - valid entry 电子商务系统Mallmold CN(中国版) 1.0 RC 发布
2013-10-10 20:17:36,970 - xrss - INFO - valid entry NetBeans 7.4 正式版已经批准发布
2013-10-10 20:17:36,970 - xrss - INFO - valid entry Raw, 5分钟搞定一切的开源数据可视化工具
2013-10-10 20:17:36,970 - xrss - INFO - valid entry #翻译# 使用 XHGui 对 PHP 应用进行性能诊断
2013-10-10 20:17:36,971 - xrss - INFO - valid entry 【每日一博】微信开发总结分享
2013-10-10 20:17:36,971 - xrss - INFO - valid entry 微软允许在CodePlex的开源项目使用GPLv3许可证
2013-10-10 20:17:36,971 - xrss - INFO - valid entry 3D 打印进行大规模生产制造？还早得很
2013-10-10 20:17:36,971 - xrss - INFO - valid entry Google 开源主管解释为什么开源“残酷”
2013-10-10 20:17:36,971 - xrss - INFO - valid entry 不到0.001%的应用会真正威胁到Android用户
2013-10-10 20:17:36,971 - xrss - INFO - valid entry GNU Make 4.0 发布，集成 Guile 表达式语言
2013-10-10 20:17:36,971 - xrss - INFO - valid entry 2013年9月国内浏览器市场占有率排行榜
2013-10-10 20:17:36,971 - xrss - INFO - valid entry 微软揭晓 Visual Studio 2013 售价和推出计划
2013-10-10 20:17:36,971 - xrss - INFO - valid entry 亲爱的项目经理，我恨你
2013-10-10 20:17:36,971 - xrss - INFO - valid entry Firefox OS Update (1.1) 提升性能，支持更多语言
2013-10-10 20:17:36,971 - xrss - INFO - valid entry pgtcl-ng 2.1.0 发布，全新的 PG 的 Tcl 接口
2013-10-10 20:17:36,971 - xrss - INFO - valid entry pgintcl 3.5.0 发布，PostgreSQL 的 Tcl 接口
2013-10-10 20:17:36,972 - xrss - INFO - valid entry Dipforge 3.0 b7 发布，基于Web的集成开发环境
2013-10-10 20:17:36,972 - xrss - INFO - valid entry Rikulo Stream 0.8.4，Dart 开发的 Web 服务器
2013-10-10 20:17:36,972 - xrss - INFO - valid entry Fork CMS 3.6.5 发布，PHP 的 CMS 系统
2013-10-10 20:17:36,972 - xrss - INFO - valid entry ZABBIX 2.1.7 发布，分布式系统监控
2013-10-10 20:17:36,972 - xrss - INFO - valid entry Hibernate ORM 4.3.0.Beta5 发布
2013-10-10 20:17:36,972 - xrss - INFO - valid entry Hibernate Search 4.4.0.CR1 发布
2013-10-10 20:17:36,972 - xrss - INFO - get 26 entries from 开源中国社区最新新闻
2013-10-10 20:17:36,972 - xrss - INFO - valid entry Apple Again Trails U.S. PC Market in Key Back-to-School Quarter as Tablets Continue to Eat Into PC Sales
2013-10-10 20:17:36,972 - xrss - INFO - get 1 entries from MacRumors: Mac News and Rumors - Front Page
2013-10-10 20:17:36,978 - xrss - INFO - valid entry Acer’s Haswell Chromebook Available to Pre-Order for $250
2013-10-10 20:17:36,978 - xrss - INFO - get 1 entries from OMG! Chrome!
2013-10-10 20:17:36,982 - xrss - INFO - get 0 entries from OMG! Ubuntu!
2013-10-10 20:17:36,982 - xrss - INFO - valid entry VM7(原VPSZZ) 2013年10月优惠码 月付6折 46.8元/月起
2013-10-10 20:17:36,982 - xrss - INFO - get 1 entries from VPS侦探
2013-10-10 20:17:36,985 - xrss - INFO - get 0 entries
2013-10-10 20:17:36,986 - xrss - INFO - get 0 entries from 乡村运维
2013-10-10 20:17:36,986 - xrss - INFO - get 0 entries from 酷壳 - CoolShell.cn
2013-10-10 20:17:36,986 - xrss - INFO - get 0 entries from DBA Notes
2013-10-10 20:17:36,986 - xrss - INFO - get 0 entries from 火丁笔记
2013-10-10 20:17:36,986 - xrss - INFO - valid entry 理解和配置 Linux 下的 OOM Killer
2013-10-10 20:17:36,986 - xrss - INFO - get 1 entries from vpsee.com
2013-10-10 20:17:36,989 - xrss - INFO - valid entry Openstack Havana Dashboard测试和使用
2013-10-10 20:17:36,989 - xrss - INFO - get 1 entries from 陈沙克日志
2013-10-10 20:17:36,993 - xrss - INFO - get 0 entries from NoOps
2013-10-10 20:17:36,993 - xrss - INFO - get 0 entries from python.cn(jobs, news)
2013-10-10 20:17:36,993 - xrss - INFO - get 0 entries from python.cn.jobs
2013-10-10 20:17:36,993 - xrss - INFO - get 0 entries from Python For Beginners
2013-10-10 20:17:36,994 - xrss - INFO - get 6 entries from 17 feeds
2013-10-10 20:17:36,994 - xrss - INFO - generate html source successfully
